<?xml version="1.0" encoding="UTF-8"?>
<!-- Generated by org.testng.reporters.JUnitXMLReporter -->
<testsuite ignored="1" hostname="DESKTOP-JCLJIG3" failures="0" tests="1" name="Default test" time="55.885" errors="0" timestamp="2025-12-22T22:31:42 IST">
  <testcase classname="testcases.LoginTest" name="testLogin" time="13.093"/>
  <testcase classname="testcases.LoginTest" name="testLoginWithInvalidCredentials" time="0.0">
    <ignored/>
  </testcase> <!-- testLoginWithInvalidCredentials -->
</testsuite> <!-- Default test -->
