<?xml version="1.0" encoding="UTF-8"?>
<!-- Generated by org.testng.reporters.JUnitXMLReporter -->
<testsuite ignored="0" hostname="DESKTOP-JCLJIG3" failures="0" tests="6" name="All Tests" time="115.05" errors="0" timestamp="2025-12-22T15:16:55 IST">
  <testcase classname="testcases.ValidateTestCasesPages" name="navigateToTestCases" time="7.689"/>
  <testcase classname="testcases.ContactUsTest" name="testContactUsForm" time="27.99"/>
  <testcase classname="testcases.LoginTest" name="testLoginWithInvalidCredentials" time="22.012"/>
  <testcase classname="testcases.LogOutTest" name="testLogOut" time="67.115"/>
  <testcase classname="testcases.RegisterTestCase" name="testWithAlreadyRegisteredEmail" time="21.861"/>
  <testcase classname="testcases.RegisterTestCase" name="testRegisterUser" time="55.383"/>
</testsuite> <!-- All Tests -->
