<?xml version="1.0" encoding="UTF-8"?>
<!-- Generated by org.testng.reporters.JUnitXMLReporter -->
<testsuite ignored="0" hostname="DESKTOP-JCLJIG3" failures="0" tests="7" name="All Tests" time="670.173" errors="0" timestamp="2025-12-22T22:54:49 GMT+05:30">
  <testcase classname="testcases.ValidateTestCasesPages" name="navigateToTestCases" time="27.431"/>
  <testcase classname="testcases.ContactUsTest" name="testContactUsForm" time="17.778"/>
  <testcase classname="testcases.LogOutTest" name="testLogOut" time="65.596"/>
  <testcase classname="testcases.LoginTest" name="testLogin" time="19.969"/>
  <testcase classname="testcases.LoginTest" name="testLoginWithInvalidCredentials" time="4.964"/>
  <testcase classname="testcases.RegisterTestCase" name="testRegisterUser" time="567.748"/>
  <testcase classname="testcases.RegisterTestCase" name="testWithAlreadyRegisteredEmail" time="63.826"/>
</testsuite> <!-- All Tests -->
