<?xml version="1.0" encoding="UTF-8"?>
<testng-results ignored="0" total="7" passed="7" failed="0" skipped="0">
  <reporter-output>
  </reporter-output>
  <suite started-at="2025-12-22T22:43:38 GMT+05:30" name="AutomationSuite" finished-at="2025-12-22T22:54:48 GMT+05:30" duration-ms="670173">
    <groups>
    </groups>
    <test started-at="2025-12-22T22:43:38 GMT+05:30" name="All Tests" finished-at="2025-12-22T22:54:48 GMT+05:30" duration-ms="670173">
      <class name="testcases.ContactUsTest">
        <test-method is-config="true" signature="setup()[pri:0, instance:testcases.ContactUsTest@aba625]" started-at="2025-12-22T22:43:38 GMT+05:30" name="setup" finished-at="2025-12-22T22:44:09 GMT+05:30" duration-ms="30419" status="PASS">
          <reporter-output>
          </reporter-output>
        </test-method> <!-- setup -->
        <test-method signature="testContactUsForm(java.lang.String,java.lang.String,java.lang.String,java.lang.String,java.lang.String)[pri:0, instance:testcases.ContactUsTest@aba625]" started-at="2025-12-22T22:44:14 GMT+05:30" name="testContactUsForm" data-provider="contactUsData" finished-at="2025-12-22T22:44:31 GMT+05:30" duration-ms="17778" status="PASS">
          <params>
            <param index="0">
              <value>
                <![CDATA[sudeshna]]>
              </value>
            </param>
            <param index="1">
              <value>
                <![CDATA[sudeshnashetty2211@gmail.com]]>
              </value>
            </param>
            <param index="2">
              <value>
                <![CDATA[testing]]>
              </value>
            </param>
            <param index="3">
              <value>
                <![CDATA[testing the contactus form]]>
              </value>
            </param>
            <param index="4">
              <value>
                <![CDATA[C:\Users\DELL\Pictures\screenshots\Screenshot (755).png]]>
              </value>
            </param>
          </params>
          <reporter-output>
          </reporter-output>
        </test-method> <!-- testContactUsForm -->
        <test-method is-config="true" signature="tearDown()[pri:0, instance:testcases.ContactUsTest@aba625]" started-at="2025-12-22T22:44:31 GMT+05:30" name="tearDown" finished-at="2025-12-22T22:44:44 GMT+05:30" duration-ms="12115" status="PASS">
          <reporter-output>
          </reporter-output>
        </test-method> <!-- tearDown -->
      </class> <!-- testcases.ContactUsTest -->
      <class name="testcases.RegisterTestCase">
        <test-method is-config="true" signature="setup()[pri:0, instance:testcases.RegisterTestCase@f1da57d]" started-at="2025-12-22T22:43:38 GMT+05:30" name="setup" finished-at="2025-12-22T22:44:09 GMT+05:30" duration-ms="30291" status="PASS">
          <reporter-output>
          </reporter-output>
        </test-method> <!-- setup -->
        <test-method signature="testRegisterUser(java.lang.String,java.lang.String,java.lang.String,java.lang.String,java.lang.String,java.lang.String,java.lang.String,java.lang.String,java.lang.String,java.lang.String,java.lang.String,java.lang.String,java.lang.String,java.lang.String,java.lang.String,java.lang.String,java.lang.String)[pri:0, instance:testcases.RegisterTestCase@f1da57d]" started-at="2025-12-22T22:44:14 GMT+05:30" name="testRegisterUser" data-provider="userData" finished-at="2025-12-22T22:53:41 GMT+05:30" duration-ms="567748" status="PASS">
          <params>
            <param index="0">
              <value>
                <![CDATA[sudeshna]]>
              </value>
            </param>
            <param index="1">
              <value>
                <![CDATA[sudeshnashetty@gamil.com]]>
              </value>
            </param>
            <param index="2">
              <value>
                <![CDATA[female]]>
              </value>
            </param>
            <param index="3">
              <value>
                <![CDATA[123456]]>
              </value>
            </param>
            <param index="4">
              <value>
                <![CDATA[22]]>
              </value>
            </param>
            <param index="5">
              <value>
                <![CDATA[November]]>
              </value>
            </param>
            <param index="6">
              <value>
                <![CDATA[1996]]>
              </value>
            </param>
            <param index="7">
              <value>
                <![CDATA[sudeshna]]>
              </value>
            </param>
            <param index="8">
              <value>
                <![CDATA[setti gari]]>
              </value>
            </param>
            <param index="9">
              <value>
                <![CDATA[lean platform]]>
              </value>
            </param>
            <param index="10">
              <value>
                <![CDATA[7812]]>
              </value>
            </param>
            <param index="11">
              <value>
                <![CDATA[845]]>
              </value>
            </param>
            <param index="12">
              <value>
                <![CDATA[India]]>
              </value>
            </param>
            <param index="13">
              <value>
                <![CDATA[Telangana]]>
              </value>
            </param>
            <param index="14">
              <value>
                <![CDATA[Vikarabad]]>
              </value>
            </param>
            <param index="15">
              <value>
                <![CDATA[501101]]>
              </value>
            </param>
            <param index="16">
              <value>
                <![CDATA[2147483647]]>
              </value>
            </param>
          </params>
          <reporter-output>
          </reporter-output>
        </test-method> <!-- testRegisterUser -->
        <test-method signature="testWithAlreadyRegisteredEmail(java.lang.String,java.lang.String)[pri:1, instance:testcases.RegisterTestCase@f1da57d]" started-at="2025-12-22T22:53:42 GMT+05:30" name="testWithAlreadyRegisteredEmail" data-provider="registeredEmail" finished-at="2025-12-22T22:54:46 GMT+05:30" duration-ms="63826" status="PASS">
          <params>
            <param index="0">
              <value>
                <![CDATA[sudeshna]]>
              </value>
            </param>
            <param index="1">
              <value>
                <![CDATA[sudeshnashetty2211@gmail.com]]>
              </value>
            </param>
          </params>
          <reporter-output>
          </reporter-output>
        </test-method> <!-- testWithAlreadyRegisteredEmail -->
        <test-method is-config="true" signature="tearDown()[pri:0, instance:testcases.RegisterTestCase@f1da57d]" started-at="2025-12-22T22:54:46 GMT+05:30" name="tearDown" finished-at="2025-12-22T22:54:48 GMT+05:30" duration-ms="2361" status="PASS">
          <reporter-output>
          </reporter-output>
        </test-method> <!-- tearDown -->
      </class> <!-- testcases.RegisterTestCase -->
      <class name="testcases.LogOutTest">
        <test-method is-config="true" signature="setup()[pri:0, instance:testcases.LogOutTest@97e93f1]" started-at="2025-12-22T22:43:38 GMT+05:30" name="setup" finished-at="2025-12-22T22:44:10 GMT+05:30" duration-ms="31793" status="PASS">
          <reporter-output>
          </reporter-output>
        </test-method> <!-- setup -->
        <test-method signature="testLogOut(java.lang.String,java.lang.String,java.lang.String)[pri:0, instance:testcases.LogOutTest@97e93f1]" started-at="2025-12-22T22:44:14 GMT+05:30" name="testLogOut" data-provider="validCredentials" finished-at="2025-12-22T22:45:19 GMT+05:30" duration-ms="65596" status="PASS">
          <params>
            <param index="0">
              <value>
                <![CDATA[sudeshnashetty2211@gmail.com]]>
              </value>
            </param>
            <param index="1">
              <value>
                <![CDATA[123456]]>
              </value>
            </param>
            <param index="2">
              <value>
                <![CDATA[Sudeshna]]>
              </value>
            </param>
          </params>
          <reporter-output>
          </reporter-output>
        </test-method> <!-- testLogOut -->
        <test-method is-config="true" signature="tearDown()[pri:0, instance:testcases.LogOutTest@97e93f1]" started-at="2025-12-22T22:45:19 GMT+05:30" name="tearDown" finished-at="2025-12-22T22:45:25 GMT+05:30" duration-ms="5413" status="PASS">
          <reporter-output>
          </reporter-output>
        </test-method> <!-- tearDown -->
      </class> <!-- testcases.LogOutTest -->
      <class name="testcases.LoginTest">
        <test-method is-config="true" signature="setup()[pri:0, instance:testcases.LoginTest@7a6d7e92]" started-at="2025-12-22T22:43:38 GMT+05:30" name="setup" finished-at="2025-12-22T22:44:00 GMT+05:30" duration-ms="21818" status="PASS">
          <reporter-output>
          </reporter-output>
        </test-method> <!-- setup -->
        <test-method is-config="true" signature="setUpUser()[pri:0, instance:testcases.LoginTest@7a6d7e92]" started-at="2025-12-22T22:44:00 GMT+05:30" name="setUpUser" finished-at="2025-12-22T22:45:15 GMT+05:30" duration-ms="74997" status="PASS">
          <reporter-output>
          </reporter-output>
        </test-method> <!-- setUpUser -->
        <test-method signature="testLogin(java.lang.String,java.lang.String,java.lang.String)[pri:0, instance:testcases.LoginTest@7a6d7e92]" started-at="2025-12-22T22:45:16 GMT+05:30" name="testLogin" data-provider="userData" finished-at="2025-12-22T22:45:36 GMT+05:30" duration-ms="19969" status="PASS">
          <params>
            <param index="0">
              <value>
                <![CDATA[auto1766423640713@gmail.com]]>
              </value>
            </param>
            <param index="1">
              <value>
                <![CDATA[123456]]>
              </value>
            </param>
            <param index="2">
              <value>
                <![CDATA[AutoUser]]>
              </value>
            </param>
          </params>
          <reporter-output>
          </reporter-output>
        </test-method> <!-- testLogin -->
        <test-method signature="testLoginWithInvalidCredentials(java.lang.String,java.lang.String)[pri:0, instance:testcases.LoginTest@7a6d7e92]" started-at="2025-12-22T22:45:36 GMT+05:30" name="testLoginWithInvalidCredentials" data-provider="invalidData" finished-at="2025-12-22T22:45:41 GMT+05:30" duration-ms="4964" status="PASS">
          <params>
            <param index="0">
              <value>
                <![CDATA[abcd@gamil.com]]>
              </value>
            </param>
            <param index="1">
              <value>
                <![CDATA[123456]]>
              </value>
            </param>
          </params>
          <reporter-output>
          </reporter-output>
        </test-method> <!-- testLoginWithInvalidCredentials -->
        <test-method is-config="true" signature="tearDown()[pri:0, instance:testcases.LoginTest@7a6d7e92]" started-at="2025-12-22T22:45:41 GMT+05:30" name="tearDown" finished-at="2025-12-22T22:45:42 GMT+05:30" duration-ms="570" status="PASS">
          <reporter-output>
          </reporter-output>
        </test-method> <!-- tearDown -->
      </class> <!-- testcases.LoginTest -->
      <class name="testcases.ValidateTestCasesPages">
        <test-method is-config="true" signature="setup()[pri:0, instance:testcases.ValidateTestCasesPages@5a5a729f]" started-at="2025-12-22T22:43:38 GMT+05:30" name="setup" finished-at="2025-12-22T22:43:58 GMT+05:30" duration-ms="19775" status="PASS">
          <reporter-output>
          </reporter-output>
        </test-method> <!-- setup -->
        <test-method signature="navigateToTestCases()[pri:0, instance:testcases.ValidateTestCasesPages@5a5a729f]" started-at="2025-12-22T22:43:58 GMT+05:30" name="navigateToTestCases" finished-at="2025-12-22T22:44:26 GMT+05:30" duration-ms="27431" status="PASS">
          <reporter-output>
          </reporter-output>
        </test-method> <!-- navigateToTestCases -->
        <test-method is-config="true" signature="tearDown()[pri:0, instance:testcases.ValidateTestCasesPages@5a5a729f]" started-at="2025-12-22T22:44:26 GMT+05:30" name="tearDown" finished-at="2025-12-22T22:44:44 GMT+05:30" duration-ms="17894" status="PASS">
          <reporter-output>
          </reporter-output>
        </test-method> <!-- tearDown -->
      </class> <!-- testcases.ValidateTestCasesPages -->
    </test> <!-- All Tests -->
  </suite> <!-- AutomationSuite -->
</testng-results>
