<?xml version="1.0" encoding="UTF-8"?>
<!-- Generated by org.testng.reporters.JUnitReportReporter -->
<testsuite hostname="DESKTOP-JCLJIG3" failures="0" tests="2" name="testcases.RegisterTestCase" time="631.574" errors="0" timestamp="2025-12-22T22:54:50 GMT+05:30" skipped="0">
  <testcase classname="testcases.RegisterTestCase" name="testRegisterUser" time="567.748"/>
  <testcase classname="testcases.RegisterTestCase" name="testWithAlreadyRegisteredEmail" time="63.826"/>
</testsuite> <!-- testcases.RegisterTestCase -->
